


Reference directory is test_references/; Mode is long.


The path of long mapper is /home/junsheng/BIN/ont-guppy/bin/minimap2
The path of samtools is /home/junsheng/BIN/anaconda3/bin//samtools



[M::mm_idx_gen::0.056*1.00] collected minimizers
[M::mm_idx_gen::0.110*0.79] sorted minimizers
[M::main::0.140*0.77] loaded/built the index for 2 target sequence(s)
[M::mm_idx_stat] kmer size: 15; skip: 10; is_hpc: 0; #seq: 2
[M::mm_idx_stat::0.146*0.78] distinct minimizers: 324721 (98.27% are singletons); average occurrences: 1.027; average spacing: 5.366; total length: 1790058
[M::main] Version: 2.22-r1101
[M::main] CMD: /home/junsheng/BIN/ont-guppy/bin/minimap2 -d test_references/Jonquetella_anthropi.fna.gz.mmi test_references/Jonquetella_anthropi.fna.gz
[M::main] Real time: 0.155 sec; CPU: 0.123 sec; Peak RSS: 0.021 GB
[M::mm_idx_gen::0.073*1.00] collected minimizers
[M::mm_idx_gen::0.105*1.03] sorted minimizers
[M::main::0.144*0.94] loaded/built the index for 1 target sequence(s)
[M::mm_idx_stat] kmer size: 15; skip: 10; is_hpc: 0; #seq: 1
[M::mm_idx_stat::0.152*0.94] distinct minimizers: 347387 (98.46% are singletons); average occurrences: 1.017; average spacing: 5.352; total length: 1890857
[M::main] Version: 2.22-r1101
[M::main] CMD: /home/junsheng/BIN/ont-guppy/bin/minimap2 -d test_references/Parascardovia_denticolens.gz.mmi test_references/Parascardovia_denticolens.gz
[M::main] Real time: 0.170 sec; CPU: 0.161 sec; Peak RSS: 0.019 GB
[M::mm_idx_gen::0.111*0.99] collected minimizers
[M::mm_idx_gen::0.143*1.00] sorted minimizers
[M::main::0.174*1.00] loaded/built the index for 1 target sequence(s)
[M::mm_idx_stat] kmer size: 15; skip: 10; is_hpc: 0; #seq: 1
[M::mm_idx_stat::0.185*1.00] distinct minimizers: 469584 (98.12% are singletons); average occurrences: 1.041; average spacing: 5.347; total length: 2612925
[M::main] Version: 2.22-r1101
[M::main] CMD: /home/junsheng/BIN/ont-guppy/bin/minimap2 -d test_references/Capnocytophaga_ochracea.fna.gz.mmi test_references/Capnocytophaga_ochracea.fna.gz
[M::main] Real time: 0.208 sec; CPU: 0.207 sec; Peak RSS: 0.026 GB
[M::mm_idx_gen::0.062*1.02] collected minimizers
[M::mm_idx_gen::0.093*1.02] sorted minimizers
[M::main::0.175*0.72] loaded/built the index for 1 target sequence(s)
[M::mm_idx_stat] kmer size: 15; skip: 10; is_hpc: 0; #seq: 1
[M::mm_idx_stat::0.190*0.72] distinct minimizers: 402167 (98.29% are singletons); average occurrences: 1.019; average spacing: 5.350; total length: 2192428
[M::main] Version: 2.22-r1101
[M::main] CMD: /home/junsheng/BIN/ont-guppy/bin/minimap2 -d test_references/Bifidobacterium_adolescentis.fna.gz.mmi test_references/Bifidobacterium_adolescentis.fna.gz
[M::main] Real time: 0.215 sec; CPU: 0.155 sec; Peak RSS: 0.023 GB
[M::mm_idx_gen::0.120*0.96] collected minimizers
[M::mm_idx_gen::0.164*0.94] sorted minimizers
[M::main::0.204*0.90] loaded/built the index for 1 target sequence(s)
[M::mm_idx_stat] kmer size: 15; skip: 10; is_hpc: 0; #seq: 1
[M::mm_idx_stat::0.213*0.90] distinct minimizers: 506873 (98.43% are singletons); average occurrences: 1.022; average spacing: 5.473; total length: 2836123
[M::main] Version: 2.22-r1101
[M::main] CMD: /home/junsheng/BIN/ont-guppy/bin/minimap2 -d test_references/Eubacterium_siraeum.fna.gz.mmi test_references/Eubacterium_siraeum.fna.gz
[M::main] Real time: 0.230 sec; CPU: 0.206 sec; Peak RSS: 0.033 GB
[M::mm_idx_gen::0.109*0.98] collected minimizers
[M::mm_idx_gen::0.139*1.04] sorted minimizers
[M::main::0.192*0.90] loaded/built the index for 3 target sequence(s)
[M::mm_idx_stat] kmer size: 15; skip: 10; is_hpc: 0; #seq: 3
[M::mm_idx_stat::0.203*0.89] distinct minimizers: 446749 (97.72% are singletons); average occurrences: 1.044; average spacing: 5.341; total length: 2491058
[M::main] Version: 2.22-r1101
[M::main] CMD: /home/junsheng/BIN/ont-guppy/bin/minimap2 -d test_references/Staphylococcus_epidermidis.fna.gz.mmi test_references/Staphylococcus_epidermidis.fna.gz
[M::main] Real time: 0.231 sec; CPU: 0.197 sec; Peak RSS: 0.027 GB
[M::mm_idx_gen::0.104*1.00] collected minimizers
[M::mm_idx_gen::0.169*0.84] sorted minimizers
[M::main::0.202*0.85] loaded/built the index for 2 target sequence(s)
[M::mm_idx_stat] kmer size: 15; skip: 10; is_hpc: 0; #seq: 2
[M::mm_idx_stat::0.211*0.85] distinct minimizers: 422785 (93.93% are singletons); average occurrences: 1.087; average spacing: 5.341; total length: 2455060
[M::main] Version: 2.22-r1101
[M::main] CMD: /home/junsheng/BIN/ont-guppy/bin/minimap2 -d test_references/Fusobacterium_nucleatum.fna.gz.mmi test_references/Fusobacterium_nucleatum.fna.gz
[M::main] Real time: 0.225 sec; CPU: 0.193 sec; Peak RSS: 0.027 GB
[M::mm_idx_gen::0.093*1.02] collected minimizers
[M::mm_idx_gen::0.140*0.94] sorted minimizers
[M::main::0.189*0.84] loaded/built the index for 1 target sequence(s)
[M::mm_idx_stat] kmer size: 15; skip: 10; is_hpc: 0; #seq: 1
[M::mm_idx_stat::0.209*0.80] distinct minimizers: 430542 (97.88% are singletons); average occurrences: 1.034; average spacing: 5.356; total length: 2385164
[M::main] Version: 2.22-r1101
[M::main] CMD: /home/junsheng/BIN/ont-guppy/bin/minimap2 -d test_references/Bifidobacterium_longum.fna.gz.mmi test_references/Bifidobacterium_longum.fna.gz
[M::main] Real time: 0.236 sec; CPU: 0.182 sec; Peak RSS: 0.026 GB
[M::mm_idx_gen::0.083*1.02] collected minimizers
[M::mm_idx_gen::0.130*0.94] sorted minimizers
[M::main::0.181*0.82] loaded/built the index for 38 target sequence(s)
[M::mm_idx_stat] kmer size: 15; skip: 10; is_hpc: 0; #seq: 38
[M::mm_idx_stat::0.198*0.79] distinct minimizers: 395868 (98.35% are singletons); average occurrences: 1.040; average spacing: 5.336; total length: 2196734
[M::main] Version: 2.22-r1101
[M::main] CMD: /home/junsheng/BIN/ont-guppy/bin/minimap2 -d test_references/Streptococcus_parasanguinis.fna.gz.mmi test_references/Streptococcus_parasanguinis.fna.gz
[M::main] Real time: 0.231 sec; CPU: 0.170 sec; Peak RSS: 0.022 GB
[M::mm_idx_gen::0.112*0.90] collected minimizers
[M::mm_idx_gen::0.140*0.98] sorted minimizers
[M::main::0.172*0.95] loaded/built the index for 2 target sequence(s)
[M::mm_idx_stat] kmer size: 15; skip: 10; is_hpc: 0; #seq: 2
[M::mm_idx_stat::0.183*0.93] distinct minimizers: 378802 (96.68% are singletons); average occurrences: 1.039; average spacing: 5.339; total length: 2101402
[M::main] Version: 2.22-r1101
[M::main] CMD: /home/junsheng/BIN/ont-guppy/bin/minimap2 -d test_references/Helicobacter_cinaedi.fna.gz.mmi test_references/Helicobacter_cinaedi.fna.gz
[M::main] Real time: 0.199 sec; CPU: 0.185 sec; Peak RSS: 0.023 GB
[M::mm_idx_gen::0.169*0.58] collected minimizers
[M::mm_idx_gen::0.196*0.66] sorted minimizers
[M::main::0.218*0.69] loaded/built the index for 1 target sequence(s)
[M::mm_idx_stat] kmer size: 15; skip: 10; is_hpc: 0; #seq: 1
[M::mm_idx_stat::0.225*0.70] distinct minimizers: 390699 (97.68% are singletons); average occurrences: 1.053; average spacing: 5.339; total length: 2195659
[M::main] Version: 2.22-r1101
[M::main] CMD: /home/junsheng/BIN/ont-guppy/bin/minimap2 -d test_references/Neisseria_subflava.fna.gz.mmi test_references/Neisseria_subflava.fna.gz
[M::main] Real time: 0.238 sec; CPU: 0.171 sec; Peak RSS: 0.022 GB
[M::mm_idx_gen::0.169*0.71] collected minimizers
[M::mm_idx_gen::0.201*0.81] sorted minimizers
[M::main::0.238*0.82] loaded/built the index for 1 target sequence(s)
[M::mm_idx_stat] kmer size: 15; skip: 10; is_hpc: 0; #seq: 1
[M::mm_idx_stat::0.245*0.83] distinct minimizers: 567040 (97.21% are singletons); average occurrences: 1.045; average spacing: 5.346; total length: 3168212
[M::main] Version: 2.22-r1101
[M::main] CMD: /home/junsheng/BIN/ont-guppy/bin/minimap2 -d test_references/Prevotella_oris.fna.gz.mmi test_references/Prevotella_oris.fna.gz
[M::main] Real time: 0.252 sec; CPU: 0.209 sec; Peak RSS: 0.033 GB
[M::mm_idx_gen::0.185*0.80] collected minimizers
[M::mm_idx_gen::0.234*0.86] sorted minimizers
[M::main::0.274*0.88] loaded/built the index for 2 target sequence(s)
[M::mm_idx_stat] kmer size: 15; skip: 10; is_hpc: 0; #seq: 2
[M::mm_idx_stat::0.283*0.88] distinct minimizers: 722157 (98.17% are singletons); average occurrences: 1.031; average spacing: 5.348; total length: 3980230
[M::main] Version: 2.22-r1101
[M::main] CMD: /home/junsheng/BIN/ont-guppy/bin/minimap2 -d test_references/Acinetobacter_baumannii.fna.gz.mmi test_references/Acinetobacter_baumannii.fna.gz
[M::main] Real time: 0.295 sec; CPU: 0.262 sec; Peak RSS: 0.036 GB
[M::mm_idx_gen::0.162*0.97] collected minimizers
[M::mm_idx_gen::0.225*1.01] sorted minimizers
[M::main::0.274*1.00] loaded/built the index for 1 target sequence(s)
[M::mm_idx_stat] kmer size: 15; skip: 10; is_hpc: 0; #seq: 1
[M::mm_idx_stat::0.287*1.00] distinct minimizers: 879542 (98.10% are singletons); average occurrences: 1.030; average spacing: 5.353; total length: 4848754
[M::main] Version: 2.22-r1101
[M::main] CMD: /home/junsheng/BIN/ont-guppy/bin/minimap2 -d test_references/Enterobacter_cloacae.fna.gz.mmi test_references/Enterobacter_cloacae.fna.gz
[M::main] Real time: 0.298 sec; CPU: 0.299 sec; Peak RSS: 0.048 GB
[M::mm_idx_gen::0.081*1.03] collected minimizers
[M::mm_idx_gen::0.097*1.26] sorted minimizers
[M::main::0.118*1.22] loaded/built the index for 69 target sequence(s)
[M::mm_idx_stat] kmer size: 15; skip: 10; is_hpc: 0; #seq: 69
[M::mm_idx_stat::0.122*1.21] distinct minimizers: 386564 (98.46% are singletons); average occurrences: 1.042; average spacing: 5.349; total length: 2154690
[M::main] Version: 2.22-r1101
[M::main] CMD: /home/junsheng/BIN/ont-guppy/bin/minimap2 -d test_references/Lactobacillus_reuteri.fna.gz.mmi test_references/Lactobacillus_reuteri.fna.gz
[M::main] Real time: 0.129 sec; CPU: 0.154 sec; Peak RSS: 0.023 GB
[M::mm_idx_gen::0.085*0.89] collected minimizers
[M::mm_idx_gen::0.095*1.10] sorted minimizers
[M::main::0.113*1.08] loaded/built the index for 42 target sequence(s)
[M::mm_idx_stat] kmer size: 15; skip: 10; is_hpc: 0; #seq: 42
[M::mm_idx_stat::0.117*1.08] distinct minimizers: 335233 (97.78% are singletons); average occurrences: 1.029; average spacing: 5.328; total length: 1838801
[M::main] Version: 2.22-r1101
[M::main] CMD: /home/junsheng/BIN/ont-guppy/bin/minimap2 -d test_references/Finegoldia_magna.fna.gz.mmi test_references/Finegoldia_magna.fna.gz
[M::main] Real time: 0.121 sec; CPU: 0.131 sec; Peak RSS: 0.020 GB
[M::mm_idx_gen::0.226*0.89] collected minimizers
[M::mm_idx_gen::0.261*1.16] sorted minimizers
[M::main::0.313*1.13] loaded/built the index for 7 target sequence(s)
[M::mm_idx_stat] kmer size: 15; skip: 10; is_hpc: 0; #seq: 7
[M::mm_idx_stat::0.322*1.13] distinct minimizers: 1010854 (96.86% are singletons); average occurrences: 1.050; average spacing: 5.355; total length: 5682322
[M::main] Version: 2.22-r1101
[M::main] CMD: /home/junsheng/BIN/ont-guppy/bin/minimap2 -d test_references/Klebsiella_pneumoniae.fna.gz.mmi test_references/Klebsiella_pneumoniae.fna.gz
[M::main] Real time: 0.328 sec; CPU: 0.369 sec; Peak RSS: 0.057 GB
[M::mm_idx_gen::0.243*0.84] collected minimizers
[M::mm_idx_gen::0.279*1.11] sorted minimizers
[M::main::0.317*1.10] loaded/built the index for 1 target sequence(s)
[M::mm_idx_stat] kmer size: 15; skip: 10; is_hpc: 0; #seq: 1
[M::mm_idx_stat::0.326*1.09] distinct minimizers: 1074983 (95.27% are singletons); average occurrences: 1.070; average spacing: 5.351; total length: 6156701
[M::main] Version: 2.22-r1101
[M::main] CMD: /home/junsheng/BIN/ont-guppy/bin/minimap2 -d test_references/Pseudomonas_putida.fna.gz.mmi test_references/Pseudomonas_putida.fna.gz
[M::main] Real time: 0.331 sec; CPU: 0.361 sec; Peak RSS: 0.065 GB
[M::main::0.012*1.03] loaded/built the index for 1 target sequence(s)
[M::mm_mapopt_update::0.015*1.03] mid_occ = 10
[M::mm_idx_stat] kmer size: 15; skip: 10; is_hpc: 0; #seq: 1
[M::mm_idx_stat::0.018*1.02] distinct minimizers: 347387 (98.46% are singletons); average occurrences: 1.017; average spacing: 5.352; total length: 1890857
[M::worker_pipeline::3.331*7.28] mapped 110709 sequences
[M::worker_pipeline::6.003*10.00] mapped 149017 sequences
[M::worker_pipeline::7.317*9.75] mapped 105114 sequences
[M::worker_pipeline::10.009*10.55] mapped 85237 sequences
[M::worker_pipeline::10.640*9.98] mapped 82586 sequences
[M::main] Version: 2.22-r1101
[M::main] CMD: /home/junsheng/BIN/ont-guppy/bin/minimap2 -ax map-ont -t 16 test_references/Parascardovia_denticolens.gz.mmi ../../original/ONT/ERR3200811.fastq
[M::main] Real time: 10.686 sec; CPU: 106.258 sec; Peak RSS: 2.493 GB
[M::main::0.033*1.01] loaded/built the index for 7 target sequence(s)
[M::mm_mapopt_update::0.044*1.01] mid_occ = 10
[M::mm_idx_stat] kmer size: 15; skip: 10; is_hpc: 0; #seq: 7
[M::mm_idx_stat::0.052*1.01] distinct minimizers: 1010854 (96.86% are singletons); average occurrences: 1.050; average spacing: 5.355; total length: 5682322
[M::worker_pipeline::12.905*11.44] mapped 110709 sequences
[M::worker_pipeline::21.869*12.21] mapped 149017 sequences
[M::worker_pipeline::31.269*12.68] mapped 105114 sequences
[M::worker_pipeline::41.153*12.99] mapped 85237 sequences
[M::worker_pipeline::45.940*12.88] mapped 82586 sequences
[M::main] Version: 2.22-r1101
[M::main] CMD: /home/junsheng/BIN/ont-guppy/bin/minimap2 -ax map-ont -t 16 test_references/Klebsiella_pneumoniae.fna.gz.mmi ../../original/ONT/ERR3200811.fastq
[M::main] Real time: 45.975 sec; CPU: 591.688 sec; Peak RSS: 3.054 GB
[M::main::0.013*1.03] loaded/built the index for 2 target sequence(s)
[M::mm_mapopt_update::0.017*1.03] mid_occ = 10
[M::mm_idx_stat] kmer size: 15; skip: 10; is_hpc: 0; #seq: 2
[M::mm_idx_stat::0.020*1.02] distinct minimizers: 378802 (96.68% are singletons); average occurrences: 1.039; average spacing: 5.339; total length: 2101402
[M::worker_pipeline::3.152*6.58] mapped 110709 sequences
[M::worker_pipeline::6.113*9.63] mapped 149017 sequences
[M::worker_pipeline::6.790*8.87] mapped 105114 sequences
[M::worker_pipeline::9.829*9.80] mapped 85237 sequences
[M::worker_pipeline::10.430*9.29] mapped 82586 sequences
[M::main] Version: 2.22-r1101
[M::main] CMD: /home/junsheng/BIN/ont-guppy/bin/minimap2 -ax map-ont -t 16 test_references/Helicobacter_cinaedi.fna.gz.mmi ../../original/ONT/ERR3200811.fastq
[M::main] Real time: 10.476 sec; CPU: 96.945 sec; Peak RSS: 2.476 GB
[M::main::0.018*1.02] loaded/built the index for 1 target sequence(s)
[M::mm_mapopt_update::0.023*1.02] mid_occ = 10
[M::mm_idx_stat] kmer size: 15; skip: 10; is_hpc: 0; #seq: 1
[M::mm_idx_stat::0.028*1.02] distinct minimizers: 567040 (97.21% are singletons); average occurrences: 1.045; average spacing: 5.346; total length: 3168212
[M::worker_pipeline::4.204*7.96] mapped 110709 sequences
[M::worker_pipeline::7.418*10.27] mapped 149017 sequences
[M::worker_pipeline::9.915*11.02] mapped 105114 sequences
[M::worker_pipeline::12.619*11.36] mapped 85237 sequences
[M::worker_pipeline::13.208*10.90] mapped 82586 sequences
[M::main] Version: 2.22-r1101
[M::main] CMD: /home/junsheng/BIN/ont-guppy/bin/minimap2 -ax map-ont -t 16 test_references/Prevotella_oris.fna.gz.mmi ../../original/ONT/ERR3200811.fastq
[M::main] Real time: 13.238 sec; CPU: 143.957 sec; Peak RSS: 2.459 GB
[M::main::0.012*1.04] loaded/built the index for 42 target sequence(s)
[M::mm_mapopt_update::0.015*1.03] mid_occ = 10
[M::mm_idx_stat] kmer size: 15; skip: 10; is_hpc: 0; #seq: 42
[M::mm_idx_stat::0.017*1.02] distinct minimizers: 335233 (97.78% are singletons); average occurrences: 1.029; average spacing: 5.328; total length: 1838801
[M::worker_pipeline::2.885*5.87] mapped 110709 sequences
[M::worker_pipeline::5.600*8.84] mapped 149017 sequences
[M::worker_pipeline::6.272*8.11] mapped 105114 sequences
[M::worker_pipeline::8.906*9.17] mapped 85237 sequences
[M::worker_pipeline::9.535*8.63] mapped 82586 sequences
[M::main] Version: 2.22-r1101
[M::main] CMD: /home/junsheng/BIN/ont-guppy/bin/minimap2 -ax map-ont -t 16 test_references/Finegoldia_magna.fna.gz.mmi ../../original/ONT/ERR3200811.fastq
[M::main] Real time: 9.594 sec; CPU: 82.359 sec; Peak RSS: 2.338 GB
[M::main::0.031*1.01] loaded/built the index for 1 target sequence(s)
[M::mm_mapopt_update::0.041*1.01] mid_occ = 10
[M::mm_idx_stat] kmer size: 15; skip: 10; is_hpc: 0; #seq: 1
[M::mm_idx_stat::0.049*1.01] distinct minimizers: 879542 (98.10% are singletons); average occurrences: 1.030; average spacing: 5.353; total length: 4848754
[M::worker_pipeline::13.096*10.97] mapped 110709 sequences
[M::worker_pipeline::21.552*12.02] mapped 149017 sequences
[M::worker_pipeline::32.464*12.56] mapped 105114 sequences
[M::worker_pipeline::43.836*12.92] mapped 85237 sequences
[M::worker_pipeline::48.284*12.83] mapped 82586 sequences
[M::main] Version: 2.22-r1101
[M::main] CMD: /home/junsheng/BIN/ont-guppy/bin/minimap2 -ax map-ont -t 16 test_references/Enterobacter_cloacae.fna.gz.mmi ../../original/ONT/ERR3200811.fastq
[M::main] Real time: 48.315 sec; CPU: 619.520 sec; Peak RSS: 2.887 GB
[M::main::0.016*1.03] loaded/built the index for 3 target sequence(s)
[M::mm_mapopt_update::0.021*1.02] mid_occ = 12
[M::mm_idx_stat] kmer size: 15; skip: 10; is_hpc: 0; #seq: 3
[M::mm_idx_stat::0.025*1.02] distinct minimizers: 446749 (97.72% are singletons); average occurrences: 1.044; average spacing: 5.341; total length: 2491058
[M::worker_pipeline::6.420*10.29] mapped 110709 sequences
[M::worker_pipeline::11.149*11.56] mapped 149017 sequences
[M::worker_pipeline::16.098*12.12] mapped 105114 sequences
[M::worker_pipeline::20.478*12.51] mapped 85237 sequences
[M::worker_pipeline::22.460*12.25] mapped 82586 sequences
[M::main] Version: 2.22-r1101
[M::main] CMD: /home/junsheng/BIN/ont-guppy/bin/minimap2 -ax map-ont -t 16 test_references/Staphylococcus_epidermidis.fna.gz.mmi ../../original/ONT/ERR3200811.fastq
[M::main] Real time: 22.494 sec; CPU: 275.169 sec; Peak RSS: 2.849 GB
[M::main::0.015*1.03] loaded/built the index for 2 target sequence(s)
[M::mm_mapopt_update::0.020*1.02] mid_occ = 10
[M::mm_idx_stat] kmer size: 15; skip: 10; is_hpc: 0; #seq: 2
[M::mm_idx_stat::0.023*1.02] distinct minimizers: 422785 (93.93% are singletons); average occurrences: 1.087; average spacing: 5.341; total length: 2455060
[M::worker_pipeline::4.816*9.80] mapped 110709 sequences
[M::worker_pipeline::7.198*10.70] mapped 149017 sequences
[M::worker_pipeline::11.212*11.54] mapped 105114 sequences
[M::worker_pipeline::13.379*11.64] mapped 85237 sequences
[M::worker_pipeline::14.700*11.31] mapped 82586 sequences
[M::main] Version: 2.22-r1101
[M::main] CMD: /home/junsheng/BIN/ont-guppy/bin/minimap2 -ax map-ont -t 16 test_references/Fusobacterium_nucleatum.fna.gz.mmi ../../original/ONT/ERR3200811.fastq
[M::main] Real time: 14.736 sec; CPU: 166.240 sec; Peak RSS: 2.481 GB
[M::main::0.014*1.04] loaded/built the index for 38 target sequence(s)
[M::mm_mapopt_update::0.018*1.03] mid_occ = 13
[M::mm_idx_stat] kmer size: 15; skip: 10; is_hpc: 0; #seq: 38
[M::mm_idx_stat::0.021*1.02] distinct minimizers: 395868 (98.35% are singletons); average occurrences: 1.040; average spacing: 5.336; total length: 2196734
[M::worker_pipeline::3.445*7.23] mapped 110709 sequences
[M::worker_pipeline::6.959*10.47] mapped 149017 sequences
[M::worker_pipeline::7.658*9.70] mapped 105114 sequences
[M::worker_pipeline::11.315*10.76] mapped 85237 sequences
[M::worker_pipeline::11.897*10.29] mapped 82586 sequences
[M::main] Version: 2.22-r1101
[M::main] CMD: /home/junsheng/BIN/ont-guppy/bin/minimap2 -ax map-ont -t 16 test_references/Streptococcus_parasanguinis.fna.gz.mmi ../../original/ONT/ERR3200811.fastq
[M::main] Real time: 11.931 sec; CPU: 122.415 sec; Peak RSS: 2.532 GB
[M::main::0.022*1.02] loaded/built the index for 2 target sequence(s)
[M::mm_mapopt_update::0.029*1.01] mid_occ = 12
[M::mm_idx_stat] kmer size: 15; skip: 10; is_hpc: 0; #seq: 2
[M::mm_idx_stat::0.034*1.01] distinct minimizers: 722157 (98.17% are singletons); average occurrences: 1.031; average spacing: 5.348; total length: 3980230
[M::worker_pipeline::7.633*10.75] mapped 110709 sequences
[M::worker_pipeline::14.125*11.32] mapped 149017 sequences
[M::worker_pipeline::21.075*11.91] mapped 105114 sequences
[M::worker_pipeline::27.048*12.34] mapped 85237 sequences
[M::worker_pipeline::29.553*12.19] mapped 82586 sequences
[M::main] Version: 2.22-r1101
[M::main] CMD: /home/junsheng/BIN/ont-guppy/bin/minimap2 -ax map-ont -t 16 test_references/Acinetobacter_baumannii.fna.gz.mmi ../../original/ONT/ERR3200811.fastq
[M::main] Real time: 29.584 sec; CPU: 360.209 sec; Peak RSS: 2.946 GB
[M::main::0.033*1.01] loaded/built the index for 1 target sequence(s)
[M::mm_mapopt_update::0.044*1.01] mid_occ = 10
[M::mm_idx_stat] kmer size: 15; skip: 10; is_hpc: 0; #seq: 1
[M::mm_idx_stat::0.053*1.01] distinct minimizers: 1074983 (95.27% are singletons); average occurrences: 1.070; average spacing: 5.351; total length: 6156701
[M::worker_pipeline::15.897*11.81] mapped 110709 sequences
[M::worker_pipeline::25.295*12.49] mapped 149017 sequences
[M::worker_pipeline::37.535*12.97] mapped 105114 sequences
[M::worker_pipeline::50.023*13.19] mapped 85237 sequences
[M::worker_pipeline::58.503*13.11] mapped 82586 sequences
[M::main] Version: 2.22-r1101
[M::main] CMD: /home/junsheng/BIN/ont-guppy/bin/minimap2 -ax map-ont -t 16 test_references/Pseudomonas_putida.fna.gz.mmi ../../original/ONT/ERR3200811.fastq
[M::main] Real time: 58.532 sec; CPU: 766.902 sec; Peak RSS: 2.998 GB
[M::main::0.014*1.04] loaded/built the index for 1 target sequence(s)
[M::mm_mapopt_update::0.018*1.03] mid_occ = 14
[M::mm_idx_stat] kmer size: 15; skip: 10; is_hpc: 0; #seq: 1
[M::mm_idx_stat::0.021*1.02] distinct minimizers: 390699 (97.68% are singletons); average occurrences: 1.053; average spacing: 5.339; total length: 2195659
[M::worker_pipeline::4.351*8.53] mapped 110709 sequences
[M::worker_pipeline::8.440*11.12] mapped 149017 sequences
[M::worker_pipeline::10.897*11.32] mapped 105114 sequences
[M::worker_pipeline::14.907*11.73] mapped 85237 sequences
[M::worker_pipeline::15.507*11.31] mapped 82586 sequences
[M::main] Version: 2.22-r1101
[M::main] CMD: /home/junsheng/BIN/ont-guppy/bin/minimap2 -ax map-ont -t 16 test_references/Neisseria_subflava.fna.gz.mmi ../../original/ONT/ERR3200811.fastq
[M::main] Real time: 15.551 sec; CPU: 175.501 sec; Peak RSS: 2.682 GB
[M::main::0.014*1.04] loaded/built the index for 69 target sequence(s)
[M::mm_mapopt_update::0.018*1.03] mid_occ = 23
[M::mm_idx_stat] kmer size: 15; skip: 10; is_hpc: 0; #seq: 69
[M::mm_idx_stat::0.021*1.02] distinct minimizers: 386564 (98.46% are singletons); average occurrences: 1.042; average spacing: 5.349; total length: 2154690
[M::worker_pipeline::3.163*6.34] mapped 110709 sequences
[M::worker_pipeline::6.575*9.47] mapped 149017 sequences
[M::worker_pipeline::7.249*8.78] mapped 105114 sequences
[M::worker_pipeline::10.229*9.72] mapped 85237 sequences
[M::worker_pipeline::10.817*9.24] mapped 82586 sequences
[M::main] Version: 2.22-r1101
[M::main] CMD: /home/junsheng/BIN/ont-guppy/bin/minimap2 -ax map-ont -t 16 test_references/Lactobacillus_reuteri.fna.gz.mmi ../../original/ONT/ERR3200811.fastq
[M::main] Real time: 10.861 sec; CPU: 100.010 sec; Peak RSS: 2.543 GB
[M::main::0.015*1.03] loaded/built the index for 1 target sequence(s)
[M::mm_mapopt_update::0.020*1.02] mid_occ = 10
[M::mm_idx_stat] kmer size: 15; skip: 10; is_hpc: 0; #seq: 1
[M::mm_idx_stat::0.023*1.02] distinct minimizers: 430542 (97.88% are singletons); average occurrences: 1.034; average spacing: 5.356; total length: 2385164
[M::worker_pipeline::5.167*10.57] mapped 110709 sequences
[M::worker_pipeline::9.171*12.00] mapped 149017 sequences
[M::worker_pipeline::10.108*11.34] mapped 105114 sequences
[M::worker_pipeline::14.653*11.91] mapped 85237 sequences
[M::worker_pipeline::15.631*11.50] mapped 82586 sequences
[M::main] Version: 2.22-r1101
[M::main] CMD: /home/junsheng/BIN/ont-guppy/bin/minimap2 -ax map-ont -t 16 test_references/Bifidobacterium_longum.fna.gz.mmi ../../original/ONT/ERR3200811.fastq
[M::main] Real time: 15.667 sec; CPU: 179.725 sec; Peak RSS: 2.581 GB
[M::main::0.011*1.04] loaded/built the index for 2 target sequence(s)
[M::mm_mapopt_update::0.014*1.03] mid_occ = 12
[M::mm_idx_stat] kmer size: 15; skip: 10; is_hpc: 0; #seq: 2
[M::mm_idx_stat::0.017*1.02] distinct minimizers: 324721 (98.27% are singletons); average occurrences: 1.027; average spacing: 5.366; total length: 1790058
[M::worker_pipeline::3.409*6.80] mapped 110709 sequences
[M::worker_pipeline::6.907*9.68] mapped 149017 sequences
[M::worker_pipeline::7.588*8.99] mapped 105114 sequences
[M::worker_pipeline::10.829*10.08] mapped 85237 sequences
[M::worker_pipeline::11.429*9.60] mapped 82586 sequences
[M::main] Version: 2.22-r1101
[M::main] CMD: /home/junsheng/BIN/ont-guppy/bin/minimap2 -ax map-ont -t 16 test_references/Jonquetella_anthropi.fna.gz.mmi ../../original/ONT/ERR3200811.fastq
[M::main] Real time: 11.471 sec; CPU: 109.813 sec; Peak RSS: 2.650 GB
[M::main::0.017*1.03] loaded/built the index for 1 target sequence(s)
[M::mm_mapopt_update::0.023*1.02] mid_occ = 10
[M::mm_idx_stat] kmer size: 15; skip: 10; is_hpc: 0; #seq: 1
[M::mm_idx_stat::0.027*1.02] distinct minimizers: 506873 (98.43% are singletons); average occurrences: 1.022; average spacing: 5.473; total length: 2836123
[M::worker_pipeline::3.219*6.70] mapped 110709 sequences
[M::worker_pipeline::6.492*9.41] mapped 149017 sequences
[M::worker_pipeline::7.147*8.73] mapped 105114 sequences
[M::worker_pipeline::10.125*9.67] mapped 85237 sequences
[M::worker_pipeline::10.705*9.20] mapped 82586 sequences
[M::main] Version: 2.22-r1101
[M::main] CMD: /home/junsheng/BIN/ont-guppy/bin/minimap2 -ax map-ont -t 16 test_references/Eubacterium_siraeum.fna.gz.mmi ../../original/ONT/ERR3200811.fastq
[M::main] Real time: 10.738 sec; CPU: 98.517 sec; Peak RSS: 2.537 GB
[M::main::0.017*1.03] loaded/built the index for 1 target sequence(s)
[M::mm_mapopt_update::0.022*1.02] mid_occ = 18
[M::mm_idx_stat] kmer size: 15; skip: 10; is_hpc: 0; #seq: 1
[M::mm_idx_stat::0.025*1.02] distinct minimizers: 469584 (98.12% are singletons); average occurrences: 1.041; average spacing: 5.347; total length: 2612925
[M::worker_pipeline::5.132*9.50] mapped 110709 sequences
[M::worker_pipeline::9.579*11.44] mapped 149017 sequences
[M::worker_pipeline::11.324*11.23] mapped 105114 sequences
[M::worker_pipeline::15.749*11.90] mapped 85237 sequences
[M::worker_pipeline::16.362*11.49] mapped 82586 sequences
[M::main] Version: 2.22-r1101
[M::main] CMD: /home/junsheng/BIN/ont-guppy/bin/minimap2 -ax map-ont -t 16 test_references/Capnocytophaga_ochracea.fna.gz.mmi ../../original/ONT/ERR3200811.fastq
[M::main] Real time: 16.397 sec; CPU: 187.983 sec; Peak RSS: 2.659 GB
[M::main::0.014*1.03] loaded/built the index for 1 target sequence(s)
[M::mm_mapopt_update::0.018*1.03] mid_occ = 10
[M::mm_idx_stat] kmer size: 15; skip: 10; is_hpc: 0; #seq: 1
[M::mm_idx_stat::0.021*1.02] distinct minimizers: 402167 (98.29% are singletons); average occurrences: 1.019; average spacing: 5.350; total length: 2192428
[M::worker_pipeline::3.720*8.30] mapped 110709 sequences
[M::worker_pipeline::6.518*9.94] mapped 149017 sequences
[M::worker_pipeline::8.701*10.19] mapped 105114 sequences
[M::worker_pipeline::11.388*10.70] mapped 85237 sequences
[M::worker_pipeline::12.438*10.32] mapped 82586 sequences
[M::main] Version: 2.22-r1101
[M::main] CMD: /home/junsheng/BIN/ont-guppy/bin/minimap2 -ax map-ont -t 16 test_references/Bifidobacterium_adolescentis.fna.gz.mmi ../../original/ONT/ERR3200811.fastq
[M::main] Real time: 12.473 sec; CPU: 128.342 sec; Peak RSS: 2.585 GB
[bam_sort_core] merging from 0 files and 16 in-memory blocks...
[bam_sort_core] merging from 0 files and 16 in-memory blocks...
[bam_sort_core] merging from 0 files and 16 in-memory blocks...
[bam_sort_core] merging from 0 files and 16 in-memory blocks...
[bam_sort_core] merging from 0 files and 16 in-memory blocks...
[bam_sort_core] merging from 0 files and 16 in-memory blocks...
[bam_sort_core] merging from 0 files and 16 in-memory blocks...
[bam_sort_core] merging from 0 files and 16 in-memory blocks...
[bam_sort_core] merging from 0 files and 16 in-memory blocks...
[bam_sort_core] merging from 0 files and 16 in-memory blocks...
[bam_sort_core] merging from 0 files and 16 in-memory blocks...
[bam_sort_core] merging from 0 files and 16 in-memory blocks...
[bam_sort_core] merging from 0 files and 16 in-memory blocks...
[bam_sort_core] merging from 0 files and 16 in-memory blocks...
[bam_sort_core] merging from 0 files and 16 in-memory blocks...
[bam_sort_core] merging from 0 files and 16 in-memory blocks...
[bam_sort_core] merging from 0 files and 16 in-memory blocks...
[bam_sort_core] merging from 0 files and 16 in-memory blocks...


Summary depth files
All finished.
